[debug] [2021-05-09T06:06:03.751Z] ----------------------------------------------------------------------
[debug] [2021-05-09T06:06:03.753Z] Command:       /usr/bin/node /usr/local/bin/firebase init
[debug] [2021-05-09T06:06:03.753Z] CLI Version:   9.10.0
[debug] [2021-05-09T06:06:03.754Z] Platform:      linux
[debug] [2021-05-09T06:06:03.754Z] Node Version:  v12.18.2
[debug] [2021-05-09T06:06:03.754Z] Time:          Sun May 09 2021 11:36:03 GMT+0530 (India Standard Time)
[debug] [2021-05-09T06:06:03.754Z] ----------------------------------------------------------------------
[debug] 
[debug] [2021-05-09T06:06:03.759Z] > command requires scopes: ["email","openid","https://www.googleapis.com/auth/cloudplatformprojects.readonly","https://www.googleapis.com/auth/firebase","https://www.googleapis.com/auth/cloud-platform"]
[debug] [2021-05-09T06:06:03.759Z] > authorizing via signed-in user (anji1994.avm@gmail.com)
[info] 
     ######## #### ########  ######## ########     ###     ######  ########
     ##        ##  ##     ## ##       ##     ##  ##   ##  ##       ##
     ######    ##  ########  ######   ########  #########  ######  ######
     ##        ##  ##    ##  ##       ##     ## ##     ##       ## ##
     ##       #### ##     ## ######## ########  ##     ##  ######  ########

You're about to initialize a Firebase project in this directory:

  /home/anji351/html/sample-page

[info] 
=== Project Setup
[info] 
[info] First, let's associate this project directory with a Firebase project.
[info] You can create multiple project aliases by running firebase use --add, 
[info] but for now we'll just set up a default project.
[info] 
[debug] [2021-05-09T06:06:13.251Z] >>> [apiv2][query] GET https://firebase.googleapis.com/v1beta1/projects pageSize=100
[debug] [2021-05-09T06:06:14.037Z] <<< [apiv2][status] GET https://firebase.googleapis.com/v1beta1/projects 200
[debug] [2021-05-09T06:06:14.037Z] <<< [apiv2][body] GET https://firebase.googleapis.com/v1beta1/projects [omitted]
[info] i  Using project basic-html-project (basic-html-project) 
[info] 
=== Hosting Setup
[info] 
[info] Your public directory is the folder (relative to your project directory) that
[info] will contain Hosting assets to be uploaded with firebase deploy. If you
[info] have a build process for your assets, use your build's output directory.
[info] 
[info] ✔  Wrote yes/404.html 
[debug] [2021-05-09T06:08:26.417Z] >>> [apiv2][query] GET https://www.gstatic.com/firebasejs/releases.json [none]
[debug] [2021-05-09T06:08:26.570Z] <<< [apiv2][status] GET https://www.gstatic.com/firebasejs/releases.json 200
[debug] [2021-05-09T06:08:26.571Z] <<< [apiv2][body] GET https://www.gstatic.com/firebasejs/releases.json {"current":{"version":"8.5.0","browserURL":"https://www.gstatic.com/firebasejs/8.5.0/firebase.js","packageURL":"https://www.gstatic.com/firebasejs/8.5.0/firebase.tgz"},"live":{"version":"8.5","browserURL":"https://www.gstatic.com/firebasejs/live/8.5/firebase.js","packageURL":"https://www.gstatic.com/firebasejs/live/8.5/firebase.tgz"},"components":{"analytics":"https://www.gstatic.com/firebasejs/8.5.0/firebase-analytics.js","app":"https://www.gstatic.com/firebasejs/8.5.0/firebase-app.js","auth":"https://www.gstatic.com/firebasejs/8.5.0/firebase-auth.js","database":"https://www.gstatic.com/firebasejs/8.5.0/firebase-database.js","firestore":"https://www.gstatic.com/firebasejs/8.5.0/firebase-firestore.js","functions":"https://www.gstatic.com/firebasejs/8.5.0/firebase-functions.js","installations":"https://www.gstatic.com/firebasejs/8.5.0/firebase-installations.js","messaging":"https://www.gstatic.com/firebasejs/8.5.0/firebase-messaging.js","storage":"https://www.gstatic.com/firebasejs/8.5.0/firebase-storage.js","performance":"https://www.gstatic.com/firebasejs/8.5.0/firebase-performance.js","remote-config":"https://www.gstatic.com/firebasejs/8.5.0/firebase-remote-config.js","firestore.memory":"https://www.gstatic.com/firebasejs/8.5.0/firebase-firestore.memory.js"}}
[info] ✔  Wrote yes/index.html 
[info] 
[info] i  Didn't detect a .git folder. Assuming /home/anji351/html/sample-page is the project root. 
[info] i  Authorizing with GitHub to upload your service account to a GitHub repository's secrets store. 
[info] 
[info] Visit this URL on this device to log in:
[info] https://github.com/login/oauth/authorize?client_id=89cf50f02ac6aaed3484&state=605423870&redirect_uri=http%3A%2F%2Flocalhost%3A9005&scope=read%3Auser%20repo%20public_repo
[info] 
[info] Waiting for authentication...
[debug] [2021-05-09T06:08:27.391Z] >>> HTTP REQUEST POST https://github.com/login/oauth/access_token  
 {"client_id":"89cf50f02ac6aaed3484","client_secret":"3330d14abc895d9a74d5f17cd7a00711fa2c5bf0","code":"c7557c0e7b852e24ac26","redirect_uri":"http://localhost:9005","state":"605423870"}
[debug] [2021-05-09T06:08:27.851Z] <<< HTTP RESPONSE 200 {"server":"GitHub.com","date":"Sun, 09 May 2021 06:08:27 GMT","content-type":"application/json; charset=utf-8","transfer-encoding":"chunked","vary":"X-PJAX, Accept-Encoding, Accept, X-Requested-With","permissions-policy":"interest-cohort=()","etag":"W/\"8597440e13aa80b880712f4f8e584d0d\"","cache-control":"max-age=0, private, must-revalidate","strict-transport-security":"max-age=31536000; includeSubdomains; preload","x-frame-options":"deny","x-content-type-options":"nosniff","x-xss-protection":"0","referrer-policy":"origin-when-cross-origin, strict-origin-when-cross-origin","expect-ct":"max-age=2592000, report-uri=\"https://api.github.com/_private/browser/errors\"","content-security-policy":"default-src 'none'; base-uri 'self'; block-all-mixed-content; connect-src 'self' uploads.github.com www.githubstatus.com collector.githubapp.com api.github.com github-cloud.s3.amazonaws.com github-production-repository-file-5c1aeb.s3.amazonaws.com github-production-upload-manifest-file-7fdce7.s3.amazonaws.com github-production-user-asset-6210df.s3.amazonaws.com cdn.optimizely.com logx.optimizely.com/v1/events wss://alive.github.com; font-src github.githubassets.com; form-action 'self' github.com gist.github.com; frame-ancestors 'none'; frame-src render.githubusercontent.com; img-src 'self' data: github.githubassets.com identicons.github.com collector.githubapp.com github-cloud.s3.amazonaws.com secured-user-images.githubusercontent.com/ *.githubusercontent.com; manifest-src 'self'; media-src 'none'; script-src github.githubassets.com; style-src 'unsafe-inline' github.githubassets.com; worker-src github.com/socket-worker-3f088aa2.js gist.github.com/socket-worker-3f088aa2.js","x-github-request-id":"9716:6527:A6BC32:B7181A:60977C5B"}
[debug] [2021-05-09T06:08:27.867Z] >>> [apiv2][query] GET https://api.github.com/user [none]
[debug] [2021-05-09T06:08:28.266Z] <<< [apiv2][status] GET https://api.github.com/user 200
[debug] [2021-05-09T06:08:28.267Z] <<< [apiv2][body] GET https://api.github.com/user {"login":"Anji351","id":76518884,"node_id":"MDQ6VXNlcjc2NTE4ODg0","avatar_url":"https://avatars.githubusercontent.com/u/76518884?v=4","gravatar_id":"","url":"https://api.github.com/users/Anji351","html_url":"https://github.com/Anji351","followers_url":"https://api.github.com/users/Anji351/followers","following_url":"https://api.github.com/users/Anji351/following{/other_user}","gists_url":"https://api.github.com/users/Anji351/gists{/gist_id}","starred_url":"https://api.github.com/users/Anji351/starred{/owner}{/repo}","subscriptions_url":"https://api.github.com/users/Anji351/subscriptions","organizations_url":"https://api.github.com/users/Anji351/orgs","repos_url":"https://api.github.com/users/Anji351/repos","events_url":"https://api.github.com/users/Anji351/events{/privacy}","received_events_url":"https://api.github.com/users/Anji351/received_events","type":"User","site_admin":false,"name":"Anji Sunkara","company":"V2Bits","blog":"","location":"Hyderabad","email":null,"hireable":null,"bio":null,"twitter_username":null,"public_repos":0,"public_gists":0,"followers":0,"following":0,"created_at":"2020-12-23T10:57:24Z","updated_at":"2021-05-09T05:55:22Z","private_gists":0,"total_private_repos":6,"owned_private_repos":6,"disk_usage":44127,"collaborators":0,"two_factor_authentication":false,"plan":{"name":"free","space":976562499,"collaborators":0,"private_repos":10000}}
[info] 
[info] ✔  Success! Logged into GitHub as Anji351 
[info] 
[debug] [2021-05-09T06:10:30.406Z] >>> [apiv2][query] GET https://api.github.com/repos/user/repository/actions/secrets/public-key type=owner
[debug] [2021-05-09T06:10:30.736Z] <<< [apiv2][status] GET https://api.github.com/repos/user/repository/actions/secrets/public-key 404
[debug] [2021-05-09T06:10:30.737Z] <<< [apiv2][body] GET https://api.github.com/repos/user/repository/actions/secrets/public-key {"message":"Not Found","documentation_url":"https://docs.github.com/rest/reference/actions#get-a-repository-public-key"}
[debug] [2021-05-09T06:11:09.047Z] >>> [apiv2][query] GET https://api.github.com/repos//actions/secrets/public-key type=owner
[debug] [2021-05-09T06:11:09.413Z] <<< [apiv2][status] GET https://api.github.com/repos//actions/secrets/public-key 404
[debug] [2021-05-09T06:11:09.414Z] <<< [apiv2][body] GET https://api.github.com/repos//actions/secrets/public-key {"message":"Not Found","documentation_url":"https://docs.github.com/rest"}
[debug] [2021-05-09T06:11:10.441Z] >>> [apiv2][query] GET https://api.github.com/repos//actions/secrets/public-key type=owner
[debug] [2021-05-09T06:11:10.768Z] <<< [apiv2][status] GET https://api.github.com/repos//actions/secrets/public-key 404
[debug] [2021-05-09T06:11:10.768Z] <<< [apiv2][body] GET https://api.github.com/repos//actions/secrets/public-key {"message":"Not Found","documentation_url":"https://docs.github.com/rest"}
[debug] [2021-05-09T06:11:15.875Z] >>> [apiv2][query] GET https://api.github.com/repos/ Set up automatic builds and deploys with GitHub? Yes/actions/secrets/public-key type=owner
[debug] [2021-05-09T06:11:16.186Z] <<< [apiv2][status] GET https://api.github.com/repos/ Set up automatic builds and deploys with GitHub? Yes/actions/secrets/public-key 404
[debug] [2021-05-09T06:11:16.187Z] <<< [apiv2][body] GET https://api.github.com/repos/ Set up automatic builds and deploys with GitHub? Yes/actions/secrets/public-key {"message":"Not Found","documentation_url":"https://docs.github.com/rest"}
[debug] [2021-05-09T06:11:18.260Z] >>> [apiv2][query] GET https://api.github.com/repos//actions/secrets/public-key type=owner
[debug] [2021-05-09T06:11:18.513Z] >>> [apiv2][query] GET https://api.github.com/repos//actions/secrets/public-key type=owner
[debug] [2021-05-09T06:11:18.587Z] <<< [apiv2][status] GET https://api.github.com/repos//actions/secrets/public-key 404
[debug] [2021-05-09T06:11:18.587Z] <<< [apiv2][body] GET https://api.github.com/repos//actions/secrets/public-key {"message":"Not Found","documentation_url":"https://docs.github.com/rest"}
[debug] [2021-05-09T06:11:18.697Z] >>> [apiv2][query] GET https://api.github.com/repos//actions/secrets/public-key type=owner
[debug] [2021-05-09T06:11:18.831Z] <<< [apiv2][status] GET https://api.github.com/repos//actions/secrets/public-key 404
[debug] [2021-05-09T06:11:18.832Z] <<< [apiv2][body] GET https://api.github.com/repos//actions/secrets/public-key {"message":"Not Found","documentation_url":"https://docs.github.com/rest"}
[debug] [2021-05-09T06:11:19.014Z] <<< [apiv2][status] GET https://api.github.com/repos//actions/secrets/public-key 404
[debug] [2021-05-09T06:11:19.014Z] <<< [apiv2][body] GET https://api.github.com/repos//actions/secrets/public-key {"message":"Not Found","documentation_url":"https://docs.github.com/rest"}
[debug] [2021-05-09T06:12:05.539Z] >>> [apiv2][query] GET https://api.github.com/repos/user/actions/secrets/public-key type=owner
[debug] [2021-05-09T06:12:06.065Z] <<< [apiv2][status] GET https://api.github.com/repos/user/actions/secrets/public-key 404
[debug] [2021-05-09T06:12:06.066Z] <<< [apiv2][body] GET https://api.github.com/repos/user/actions/secrets/public-key {"message":"Not Found","documentation_url":"https://docs.github.com/rest"}
[debug] [2021-05-09T06:12:06.287Z] >>> [apiv2][query] GET https://api.github.com/repos//actions/secrets/public-key type=owner
[debug] [2021-05-09T06:12:06.679Z] <<< [apiv2][status] GET https://api.github.com/repos//actions/secrets/public-key 404
[debug] [2021-05-09T06:12:06.680Z] <<< [apiv2][body] GET https://api.github.com/repos//actions/secrets/public-key {"message":"Not Found","documentation_url":"https://docs.github.com/rest"}
[debug] [2021-05-09T06:12:11.996Z] >>> [apiv2][query] GET https://api.github.com/repos/Anji351/actions/secrets/public-key type=owner
[debug] [2021-05-09T06:12:12.410Z] <<< [apiv2][status] GET https://api.github.com/repos/Anji351/actions/secrets/public-key 404
[debug] [2021-05-09T06:12:12.410Z] <<< [apiv2][body] GET https://api.github.com/repos/Anji351/actions/secrets/public-key {"message":"Not Found","documentation_url":"https://docs.github.com/rest"}
[debug] [2021-05-09T06:12:30.830Z] >>> [apiv2][query] GET https://api.github.com/repos/basic-html-project/actions/secrets/public-key type=owner
[debug] [2021-05-09T06:12:31.256Z] <<< [apiv2][status] GET https://api.github.com/repos/basic-html-project/actions/secrets/public-key 404
[debug] [2021-05-09T06:12:31.257Z] <<< [apiv2][body] GET https://api.github.com/repos/basic-html-project/actions/secrets/public-key {"message":"Not Found","documentation_url":"https://docs.github.com/rest"}
[debug] [2021-05-09T06:12:32.957Z] >>> [apiv2][query] GET https://api.github.com/repos//actions/secrets/public-key type=owner
[debug] [2021-05-09T06:12:33.278Z] <<< [apiv2][status] GET https://api.github.com/repos//actions/secrets/public-key 404
[debug] [2021-05-09T06:12:33.278Z] <<< [apiv2][body] GET https://api.github.com/repos//actions/secrets/public-key {"message":"Not Found","documentation_url":"https://docs.github.com/rest"}
